# JRE version: Java(TM) SE Runtime Environment (9.0+11) (build 9.0.4+11)
# Java VM: Java HotSpot(TM) 64-Bit Server VM (9.0.4+11, mixed mode, tiered, compressed oops, g1 gc, windows-amd64)
Heap:
 garbage-first heap   total 233472K, used 73922K [0x0000000700000000, 0x0000000700100720, 0x00000007c0000000)
  region size 1024K, 5 young (5120K), 1 survivors (1024K)
 Metaspace       used 78216K, capacity 79881K, committed 86912K, reserved 1124352K
  class space    used 10387K, capacity 10747K, committed 12160K, reserved 1048576K
GC Heap History (10 events):
Event: 3560.290 GC heap before
{Heap before GC invocations=183 (full 54):
 garbage-first heap   total 250880K, used 136237K [0x0000000700000000, 0x00000007001007a8, 0x00000007c0000000)
  region size 1024K, 60 young (61440K), 1 survivors (1024K)
 Metaspace       used 80809K, capacity 86627K, committed 86912K, reserved 1124352K
  class space    used 11116K, capacity 12124K, committed 12160K, reserved 1048576K
}
Event: 3560.293 GC heap after
{Heap after GC invocations=184 (full 54):
 garbage-first heap   total 250880K, used 75851K [0x0000000700000000, 0x00000007001007a8, 0x00000007c0000000)
  region size 1024K, 1 young (1024K), 1 survivors (1024K)
 Metaspace       used 80809K, capacity 86627K, committed 86912K, reserved 1124352K
  class space    used 11116K, capacity 12124K, committed 12160K, reserved 1048576K
}
Event: 3800.124 GC heap before
{Heap before GC invocations=184 (full 54):
 garbage-first heap   total 250880K, used 125003K [0x0000000700000000, 0x00000007001007a8, 0x00000007c0000000)
  region size 1024K, 50 young (51200K), 1 survivors (1024K)
 Metaspace       used 80809K, capacity 86627K, committed 86912K, reserved 1124352K
  class space    used 11116K, capacity 12124K, committed 12160K, reserved 1048576K
}
Event: 3800.322 GC heap after
{Heap after GC invocations=185 (full 55):
 garbage-first heap   total 233472K, used 70023K [0x0000000700000000, 0x0000000700100720, 0x00000007c0000000)
  region size 1024K, 0 young (0K), 0 survivors (0K)
 Metaspace       used 78182K, capacity 79825K, committed 86912K, reserved 1124352K
  class space    used 10378K, capacity 10735K, committed 12160K, reserved 1048576K
}
Event: 4093.366 GC heap before
{Heap before GC invocations=185 (full 55):
 garbage-first heap   total 233472K, used 131463K [0x0000000700000000, 0x0000000700100720, 0x00000007c0000000)
  region size 1024K, 60 young (61440K), 0 survivors (0K)
 Metaspace       used 78187K, capacity 79825K, committed 86912K, reserved 1124352K
  class space    used 10378K, capacity 10735K, committed 12160K, reserved 1048576K
}
Event: 4093.371 GC heap after
{Heap after GC invocations=186 (full 55):
 garbage-first heap   total 233472K, used 70683K [0x0000000700000000, 0x0000000700100720, 0x00000007c0000000)
  region size 1024K, 1 young (1024K), 1 survivors (1024K)
 Metaspace       used 78187K, capacity 79825K, committed 86912K, reserved 1124352K
  class space    used 10378K, capacity 10735K, committed 12160K, reserved 1048576K
}
Event: 4390.040 GC heap before
{Heap before GC invocations=186 (full 55):
 garbage-first heap   total 233472K, used 131099K [0x0000000700000000, 0x0000000700100720, 0x00000007c0000000)
  region size 1024K, 60 young (61440K), 1 survivors (1024K)
 Metaspace       used 78187K, capacity 79825K, committed 86912K, reserved 1124352K
  class space    used 10378K, capacity 10735K, committed 12160K, reserved 1048576K
}
Event: 4390.043 GC heap after
{Heap after GC invocations=187 (full 55):
 garbage-first heap   total 233472K, used 70762K [0x0000000700000000, 0x0000000700100720, 0x00000007c0000000)
  region size 1024K, 1 young (1024K), 1 survivors (1024K)
 Metaspace       used 78187K, capacity 79825K, committed 86912K, reserved 1124352K
  class space    used 10378K, capacity 10735K, committed 12160K, reserved 1048576K
}
Event: 4698.095 GC heap before
{Heap before GC invocations=187 (full 55):
 garbage-first heap   total 233472K, used 131178K [0x0000000700000000, 0x0000000700100720, 0x00000007c0000000)
  region size 1024K, 60 young (61440K), 1 survivors (1024K)
 Metaspace       used 78213K, capacity 79881K, committed 86912K, reserved 1124352K
  class space    used 10385K, capacity 10747K, committed 12160K, reserved 1048576K
}
Event: 4698.097 GC heap after
{Heap after GC invocations=188 (full 55):
 garbage-first heap   total 233472K, used 70850K [0x0000000700000000, 0x0000000700100720, 0x00000007c0000000)
  region size 1024K, 1 young (1024K), 1 survivors (1024K)
 Metaspace       used 78213K, capacity 79881K, committed 86912K, reserved 1124352K
  class space    used 10385K, capacity 10747K, committed 12160K, reserved 1048576K
}

